{
  "stats": {
    "suites": 1,
    "tests": 3,
    "passes": 3,
    "pending": 0,
    "failures": 0,
    "start": "2020-04-09T13:07:56.069Z",
    "end": "2020-04-09T13:07:56.092Z",
    "duration": 23,
    "testsRegistered": 3,
    "passPercent": 100,
    "pendingPercent": 0,
    "other": 0,
    "hasOther": false,
    "skipped": 0,
    "hasSkipped": false
  },
  "results": [
    {
      "uuid": "fe62d99a-9836-4f26-b448-000ade9cb367",
      "title": "",
      "fullFile": "",
      "file": "",
      "beforeHooks": [],
      "afterHooks": [],
      "tests": [],
      "suites": [
        {
          "uuid": "69d5171f-e002-4689-8405-d09815451cf9",
          "title": "isNumberEven positive scenarious",
          "fullFile": "C:\\Users\\okune\\OneDrive\\Рабочий стол\\ATM\\Task 5\\Test project\\test\\specs\\isNumberEven.spec.js",
          "file": "\\test\\specs\\isNumberEven.spec.js",
          "beforeHooks": [
            {
              "title": "\"before each\" hook",
              "fullTitle": "isNumberEven positive scenarious \"before each\" hook",
              "timedOut": false,
              "duration": 0,
              "state": null,
              "speed": null,
              "pass": false,
              "fail": false,
              "pending": false,
              "context": null,
              "code": "validator = new NumbersValidator();",
              "err": {},
              "uuid": "ee4b08cd-ebc0-404f-a4a3-9dac28ad661e",
              "parentUUID": "69d5171f-e002-4689-8405-d09815451cf9",
              "isHook": true,
              "skipped": false
            }
          ],
          "afterHooks": [
            {
              "title": "\"after each\" hook",
              "fullTitle": "isNumberEven positive scenarious \"after each\" hook",
              "timedOut": false,
              "duration": 0,
              "state": null,
              "speed": null,
              "pass": false,
              "fail": false,
              "pending": false,
              "context": null,
              "code": "validator = null",
              "err": {},
              "uuid": "a0c8f994-8cf6-45a1-b38f-09778df607b4",
              "parentUUID": "69d5171f-e002-4689-8405-d09815451cf9",
              "isHook": true,
              "skipped": false
            }
          ],
          "tests": [
            {
              "title": "should return true if number is even",
              "fullTitle": "isNumberEven positive scenarious should return true if number is even",
              "timedOut": false,
              "duration": 1,
              "state": "passed",
              "speed": "fast",
              "pass": true,
              "fail": false,
              "pending": false,
              "context": null,
              "code": "expect(validator.isNumberEven(4)).to.be.equal(true);",
              "err": {},
              "uuid": "0903cf1c-c358-4c0a-8dd0-0a5db41281e7",
              "parentUUID": "69d5171f-e002-4689-8405-d09815451cf9",
              "isHook": false,
              "skipped": false
            },
            {
              "title": "should return false if number is odd",
              "fullTitle": "isNumberEven positive scenarious should return false if number is odd",
              "timedOut": false,
              "duration": 0,
              "state": "passed",
              "speed": "fast",
              "pass": true,
              "fail": false,
              "pending": false,
              "context": null,
              "code": "expect(validator.isNumberEven(5)).to.be.equal(false);",
              "err": {},
              "uuid": "b753d524-16e9-4a67-90ad-ff0f72cf1127",
              "parentUUID": "69d5171f-e002-4689-8405-d09815451cf9",
              "isHook": false,
              "skipped": false
            },
            {
              "title": "chai test",
              "fullTitle": "isNumberEven positive scenarious chai test",
              "timedOut": false,
              "duration": 0,
              "state": "passed",
              "speed": "fast",
              "pass": true,
              "fail": false,
              "pending": false,
              "context": null,
              "code": "expect({ a: 'apple', b: 54 }).to.be.eql({ a: 'apple', b: 54 });",
              "err": {},
              "uuid": "824f2a98-10b4-4ad6-b96d-fbcff84c2716",
              "parentUUID": "69d5171f-e002-4689-8405-d09815451cf9",
              "isHook": false,
              "skipped": false
            }
          ],
          "suites": [],
          "passes": [
            "0903cf1c-c358-4c0a-8dd0-0a5db41281e7",
            "b753d524-16e9-4a67-90ad-ff0f72cf1127",
            "824f2a98-10b4-4ad6-b96d-fbcff84c2716"
          ],
          "failures": [],
          "pending": [],
          "skipped": [],
          "duration": 1,
          "root": false,
          "rootEmpty": false,
          "_timeout": 2000
        }
      ],
      "passes": [],
      "failures": [],
      "pending": [],
      "skipped": [],
      "duration": 0,
      "root": true,
      "rootEmpty": true,
      "_timeout": 2000
    }
  ],
  "meta": {
    "mocha": {
      "version": "7.1.1"
    },
    "mochawesome": {
      "options": {
        "quiet": false,
        "reportFilename": "mochawesome",
        "saveHtml": true,
        "saveJson": true,
        "consoleReporter": "spec",
        "useInlineDiffs": false,
        "code": true
      },
      "version": "5.0.0"
    },
    "marge": {
      "options": null,
      "version": "4.1.0"
    }
  }
}